Line 27: Class FVUnicodeControl.FVistaUniLabel of control FVistaUniLabel2 was not a loaded control class.
Line 47: Class FVUnicodeControl.FVistaUniFrame of control fmCaiDatChung was not a loaded control class.
Line 69: Class FVUnicodeControl.FVistaUniLabel of control lblInternet was not a loaded control class.
Line 89: Class FVUnicodeControl.FVistaUniLabel of control lblTimeUse was not a loaded control class.
Line 109: Class FVUnicodeControl.FVistaUniLabel of control lblVirusView was not a loaded control class.
Line 129: Class FVUnicodeControl.FVistaUniLabel of control lblComputerHeal was not a loaded control class.
Line 149: Class FVUnicodeControl.FVistaUniLabel of control FVistaUniLabel29 was not a loaded control class.
Line 170: Class FVUnicodeControl.FVistaUniLabel of control lblLogOnErr was not a loaded control class.
Line 190: Class FVUnicodeControl.FVistaUniLabel of control FVistaUniLabel28 was not a loaded control class.
Line 210: Class FVUnicodeControl.FVistaUniLabel of control lblCheckReg was not a loaded control class.
Line 230: Class FVUnicodeControl.FVistaUniLabel of control lblCheckTask was not a loaded control class.
Line 250: Class FVUnicodeControl.FVistaUniLabel of control lblViewAutorun was not a loaded control class.
Line 270: Class FVUnicodeControl.FVistaUniLabel of control lblAutorunPro was not a loaded control class.
Line 290: Class FVUnicodeControl.FVistaUniLabel of control lblSizeRAM was not a loaded control class.
Line 310: Class FVUnicodeControl.FVistaUniLabel of control lblSizeHardDisk was not a loaded control class.
Line 330: Class FVUnicodeControl.FVistaUniLabel of control lblComputer was not a loaded control class.
Line 351: Class FVUnicodeControl.FVistaUniLabel of control lblUser was not a loaded control class.
Line 372: Class FVUnicodeControl.FVistaUniLabel of control lblHDH was not a loaded control class.
Line 393: Class FVUnicodeControl.FVistaUniLabel of control FVistaUniLabel12 was not a loaded control class.
Line 415: Class FVUnicodeControl.FVistaUniButton of control FVistaUniButton14 was not a loaded control class.
Line 436: Class FVUnicodeControl.FVistaUniLabel of control FVistaUniLabel13 was not a loaded control class.
Line 458: Class FVUnicodeControl.FVistaUniLabel of control FVistaUniLabel14 was not a loaded control class.
Line 480: Class FVUnicodeControl.FVistaUniLabel of control FVistaUniLabel15 was not a loaded control class.
Line 502: Class FVUnicodeControl.FVistaUniLabel of control FVistaUniLabel16 was not a loaded control class.
Line 524: Class FVUnicodeControl.FVistaUniLabel of control FVistaUniLabel17 was not a loaded control class.
Line 546: Class FVUnicodeControl.FVistaUniLabel of control FVistaUniLabel18 was not a loaded control class.
Line 568: Class FVUnicodeControl.FVistaUniLabel of control FVistaUniLabel19 was not a loaded control class.
Line 590: Class FVUnicodeControl.FVistaUniLabel of control FVistaUniLabel20 was not a loaded control class.
Line 612: Class FVUnicodeControl.FVistaUniLabel of control FVistaUniLabel21 was not a loaded control class.
Line 634: Class FVUnicodeControl.FVistaUniLabel of control FVistaUniLabel22 was not a loaded control class.
Line 656: Class FVUnicodeControl.FVistaUniLabel of control FVistaUniLabel23 was not a loaded control class.
Line 678: Class FVUnicodeControl.FVistaUniLabel of control FVistaUniLabel24 was not a loaded control class.
Line 700: Class FVUnicodeControl.FVistaUniLabel of control FVistaUniLabel25 was not a loaded control class.
Line 722: Class FVUnicodeControl.FVistaUniLabel of control FVistaUniLabel26 was not a loaded control class.
Line 745: Class FVUnicodeControl.FVistaUniLabel of control lblMe was not a loaded control class.
Line 772: Class FVUnicodeControl.FVistaUniLabel of control lblUpdate was not a loaded control class.
Line 792: Class FVUnicodeControl.FVistaUniButton of control cmdMoRong was not a loaded control class.
Line 813: Class FVUnicodeControl.FVistaUniFrame of control fraHelp was not a loaded control class.
Line 835: Class FVUnicodeControl.FVistaUniLabel of control lblHelp was not a loaded control class.
Line 857: Class FVUnicodeControl.FVistaUniTabStrip of control FVistaUniTabStrip1 was not a loaded control class.
Line 907: Class FVUnicodeControl.FVistaUniButton of control cmdChangePicture was not a loaded control class.
Line 927: Class FVUnicodeControl.FVistaUniButton of control cmdChangeInfo was not a loaded control class.
Line 947: Class FVUnicodeControl.FVistaUniLabel of control FVistaUniLabel11 was not a loaded control class.
Line 967: Class FVUnicodeControl.FVistaUniLabel of control FVistaUniLabel10 was not a loaded control class.
Line 987: Class FVUnicodeControl.FVistaUniTextbox of control txtOemInfo was not a loaded control class.
Line 1011: Class FVUnicodeControl.FVistaUniLabel of control FVistaUniLabel4 was not a loaded control class.
Line 1043: Class FVUnicodeControl.FVistaUniButton of control cmdTimKiemFile was not a loaded control class.
Line 1065: Class FVUnicodeControl.FVistaUniButton of control cmdSaveLog was not a loaded control class.
Line 1087: Class FVUnicodeControl.FVistaUniButton of control cmdKiemtra was not a loaded control class.
Line 1109: Class FVUnicodeControl.FVistaUniTextbox of control txtCheck was not a loaded control class.
Line 1134: Class FVUnicodeControl.FVistaUniButton of control FVistaUniButton10 was not a loaded control class.
Line 1155: Class FVUnicodeControl.FVistaUniButton of control FVistaUniButton6 was not a loaded control class.
Line 1176: Class FVUnicodeControl.FVistaUniFrame of control FVistaUniFrame6 was not a loaded control class.
Line 1198: Class FVUnicodeControl.FVistaUniLabel of control FVistaUniLabel9 was not a loaded control class.
Line 1227: Class FVUnicodeControl.FVistaUniLabel of control lblFile was not a loaded control class.
Line 1247: Class FVUnicodeControl.FVistaUniLabel of control FVistaUniLabel8 was not a loaded control class.
Line 1268: Class FVUnicodeControl.FVistaUniButton of control cmdCancel was not a loaded control class.
Line 1290: Class FVUnicodeControl.FVistaUniButton of control cmdOK was not a loaded control class.
Line 1312: Class FVUnicodeControl.FVistaUniButton of control cmdDelFile was not a loaded control class.
Line 1334: Class FVUnicodeControl.FVistaUniButton of control cmdAddFile was not a loaded control class.
Line 1357: Class FVUnicodeControl.FVistaUniButton of control FVistaUniButton5 was not a loaded control class.
Line 1378: Class FVUnicodeControl.FVistaUniFrame of control FVistaUniFrame5 was not a loaded control class.
Line 1400: Class FVUnicodeControl.FVistaUniButton of control FVistaUniButton9 was not a loaded control class.
Line 1422: Class FVUnicodeControl.FVistaUniButton of control FVistaUniButton8 was not a loaded control class.
Line 1444: Class FVUnicodeControl.FVistaUniButton of control cmdDel was not a loaded control class.
Line 1466: Class FVUnicodeControl.FVistaUniLabel of control FVistaUniLabel7 was not a loaded control class.
Line 1486: Class FVUnicodeControl.FVistaUniListbox of control ListCam was not a loaded control class.
Line 1506: Class FVUnicodeControl.FVistaUniButton of control cmdAdd was not a loaded control class.
Line 1528: Class FVUnicodeControl.FVistaUniLabel of control FVistaUniLabel6 was not a loaded control class.
Line 1548: Class FVUnicodeControl.FVistaUniTextbox of control txtFileName was not a loaded control class.
Line 1571: Class FVUnicodeControl.FVistaUniFrame of control FVistaUniFrame4 was not a loaded control class.
Line 1593: Class OneClick.McListBox of control ListVR was not a loaded control class.
Line 1613: Class FVUnicodeControl.FVistaUniLabel of control slVirus was not a loaded control class.
Line 1633: Class FVUnicodeControl.FVistaUniButton of control cmdCheckVR was not a loaded control class.
Line 1655: Class FVUnicodeControl.FVistaUniButton of control cmdDiet was not a loaded control class.
Line 1679: Class FVUnicodeControl.FVistaUniLabel of control FVistaUniLabel5 was not a loaded control class.
Line 1700: Class FVUnicodeControl.FVistaUniFrame of control FVistaUniFrame3 was not a loaded control class.
Line 1722: Class FVUnicodeControl.FVistaUniCheckbox of control chkWrite was not a loaded control class.
Line 1742: Class FVUnicodeControl.FVistaUniCheckbox of control chkUSB was not a loaded control class.
Line 1762: Class FVUnicodeControl.FVistaUniCheckbox of control chkAUTORUN was not a loaded control class.
Line 1782: Class FVUnicodeControl.FVistaUniCheckbox of control chkHIDDEN was not a loaded control class.
Line 1802: Class FVUnicodeControl.FVistaUniCheckbox of control chkEXE was not a loaded control class.
Line 1822: Class FVUnicodeControl.FVistaUniButton of control EXEHelp was not a loaded control class.
Line 1846: Class FVUnicodeControl.FVistaUniButton of control HIDEHelp was not a loaded control class.
Line 1870: Class FVUnicodeControl.FVistaUniButton of control AutorunHelp was not a loaded control class.
Line 1894: Class FVUnicodeControl.FVistaUniButton of control USBHelp was not a loaded control class.
Line 1918: Class FVUnicodeControl.FVistaUniButton of control WriteHelp was not a loaded control class.
Line 1943: Class FVUnicodeControl.FVistaUniFrame of control FVistaUniFrame2 was not a loaded control class.
Line 1965: Class FVUnicodeControl.FVistaUniCheckbox of control chkDOC was not a loaded control class.
Line 1985: Class FVUnicodeControl.FVistaUniCheckbox of control chkPRO was not a loaded control class.
Line 2005: Class FVUnicodeControl.FVistaUniCheckbox of control chkTURNOFF was not a loaded control class.
Line 2025: Class FVUnicodeControl.FVistaUniCheckbox of control chkLOGOFF was not a loaded control class.
Line 2045: Class FVUnicodeControl.FVistaUniCheckbox of control chkSearch was not a loaded control class.
Line 2065: Class FVUnicodeControl.FVistaUniCheckbox of control chkHelp was not a loaded control class.
Line 2085: Class FVUnicodeControl.FVistaUniCheckbox of control chkRUN was not a loaded control class.
Line 2105: Class FVUnicodeControl.FVistaUniCheckbox of control chkCPITEM was not a loaded control class.
Line 2125: Class FVUnicodeControl.FVistaUniCheckbox of control chkTRAYCLOCK was not a loaded control class.
Line 2145: Class FVUnicodeControl.FVistaUniCheckbox of control chkCOMPUTER was not a loaded control class.
Line 2165: Class FVUnicodeControl.FVistaUniCheckbox of control chkCPA was not a loaded control class.
Line 2185: Class FVUnicodeControl.FVistaUniButton of control OffHelp was not a loaded control class.
Line 2209: Class FVUnicodeControl.FVistaUniButton of control LogOffHelp was not a loaded control class.
Line 2233: Class FVUnicodeControl.FVistaUniButton of control StartHelp was not a loaded control class.
Line 2257: Class FVUnicodeControl.FVistaUniButton of control HelpHelp was not a loaded control class.
Line 2281: Class FVUnicodeControl.FVistaUniButton of control RunHelp was not a loaded control class.
Line 2305: Class FVUnicodeControl.FVistaUniButton of control CPITEMHelp was not a loaded control class.
Line 2329: Class FVUnicodeControl.FVistaUniButton of control ClockHelp was not a loaded control class.
Line 2353: Class FVUnicodeControl.FVistaUniButton of control ComputerHelp was not a loaded control class.
Line 2377: Class FVUnicodeControl.FVistaUniButton of control HIDECPHelp was not a loaded control class.
Line 2401: Class FVUnicodeControl.FVistaUniButton of control ProgramHelp was not a loaded control class.
Line 2425: Class FVUnicodeControl.FVistaUniButton of control DocHelp was not a loaded control class.
Line 2450: Class FVUnicodeControl.FVistaUniFrame of control FVistaUniFrame1 was not a loaded control class.
Line 2472: Class FVUnicodeControl.FVistaUniCheckbox of control chkWin was not a loaded control class.
Line 2492: Class FVUnicodeControl.FVistaUniCheckbox of control chkTaskbar was not a loaded control class.
Line 2512: Class FVUnicodeControl.FVistaUniCheckbox of control chkDESKTOP was not a loaded control class.
Line 2532: Class FVUnicodeControl.FVistaUniCheckbox of control chkFILEMENU was not a loaded control class.
Line 2552: Class FVUnicodeControl.FVistaUniCheckbox of control chkRIGHT was not a loaded control class.
Line 2572: Class FVUnicodeControl.FVistaUniCheckbox of control chkTRAY was not a loaded control class.
Line 2592: Class FVUnicodeControl.FVistaUniCheckbox of control chkIEHOME was not a loaded control class.
Line 2612: Class FVUnicodeControl.FVistaUniCheckbox of control chkCP was not a loaded control class.
Line 2632: Class FVUnicodeControl.FVistaUniCheckbox of control chkCMD was not a loaded control class.
Line 2652: Class FVUnicodeControl.FVistaUniCheckbox of control chkREG was not a loaded control class.
Line 2672: Class FVUnicodeControl.FVistaUniCheckbox of control chkTask was not a loaded control class.
Line 2692: Class FVUnicodeControl.FVistaUniButton of control TaskHelp was not a loaded control class.
Line 2717: Class FVUnicodeControl.FVistaUniButton of control RegHelp was not a loaded control class.
Line 2742: Class FVUnicodeControl.FVistaUniButton of control ComHelp was not a loaded control class.
Line 2767: Class FVUnicodeControl.FVistaUniButton of control CPHelp was not a loaded control class.
Line 2792: Class FVUnicodeControl.FVistaUniButton of control IEHelp was not a loaded control class.
Line 2817: Class FVUnicodeControl.FVistaUniButton of control TrayHelp was not a loaded control class.
Line 2842: Class FVUnicodeControl.FVistaUniButton of control RIGHTHelp was not a loaded control class.
Line 2867: Class FVUnicodeControl.FVistaUniButton of control MENUHelp was not a loaded control class.
Line 2892: Class FVUnicodeControl.FVistaUniButton of control DeskHelp was not a loaded control class.
Line 2917: Class FVUnicodeControl.FVistaUniButton of control TaskbarHelp was not a loaded control class.
Line 2942: Class FVUnicodeControl.FVistaUniButton of control WinHelp was not a loaded control class.
Line 2968: Class FVUnicodeControl.FVistaUniButton of control cmdSet was not a loaded control class.
Line 2995: Class FVUnicodeControl.FVistaUniLabel of control FVistaUniLabel1 was not a loaded control class.
Line 3015: Class FVUnicodeControl.FVistaUniButton of control FVistaUniButton7 was not a loaded control class.
Line 3036: Class FVUnicodeControl.FVistaUniButton of control FVistaUniButton3 was not a loaded control class.
Line 3057: Class FVUnicodeControl.FVistaUniButton of control FVistaUniButton1 was not a loaded control class.
Line 3080: Class FVUnicodeControl.FVistaUniButton of control FVistaUniButton4 was not a loaded control class.
Line 3101: Class FVUnicodeControl.FVistaUniButton of control FVistaUniButton2 was not a loaded control class.
Line 3124: Class FVUnicodeControl.FVistaUniButton of control FVistaUniButton12 was not a loaded control class.
Line 3147: Class FVUnicodeControl.FVistaUniButton of control FVistaUniButton13 was not a loaded control class.
Line 3170: Class FVUnicodeControl.FVistaUniFrame of control fmSearch was not a loaded control class.
Line 3192: Class FVUnicodeControl.FVistaUniLabel of control lblInfoSize was not a loaded control class.
Line 3221: Class FVUnicodeControl.FVistaUniLabel of control FVistaUniLabel31 was not a loaded control class.
Line 3240: Class FVUnicodeControl.FVistaUniLabel of control FVistaUniLabel30 was not a loaded control class.
Line 3259: Class FVUnicodeControl.FVistaUniLabel of control FVistaUniLabel27 was not a loaded control class.
Line 3279: Class FVUnicodeControl.FVistaUniButton of control cmdStopSearch was not a loaded control class.
Line 3311: Class FVUnicodeControl.FVistaUniFrame of control fmNangCao was not a loaded control class.
Line 3333: Class FVUnicodeControl.FVistaUniOption of control optSearchByIcon was not a loaded control class.
Line 3354: Class FVUnicodeControl.FVistaUniFrame of control fmSearchTheoIcon was not a loaded control class.
Line 3386: Class FVUnicodeControl.FVistaUniOption of control chkIconChinhXac was not a loaded control class.
Line 3408: Class FVUnicodeControl.FVistaUniOption of control chkIconGanGiong was not a loaded control class.
Line 3430: Class FVUnicodeControl.FVistaUniOption of control chkIconTimHet was not a loaded control class.
Line 3452: Class FVUnicodeControl.FVistaUniLabel of control lblHelpClickIcon was not a loaded control class.
Line 3474: Class FVUnicodeControl.FVistaUniButton of control FVistaUniButton15 was not a loaded control class.
Line 3496: Class FVUnicodeControl.FVistaUniFrame of control FVistaUniFrame7 was not a loaded control class.
Line 3516: Class FVUnicodeControl.FVistaUniOption of control optAllDuoi was not a loaded control class.
Line 3538: Class FVUnicodeControl.FVistaUniOption of control optEXEDuoi was not a loaded control class.
Line 3560: Class FVUnicodeControl.FVistaUniLabel of control lblLoaiDuoi was not a loaded control class.
Line 3582: Class FVUnicodeControl.FVistaUniButton of control cmdApplyNangCao was not a loaded control class.
Line 3604: Class FVUnicodeControl.FVistaUniOption of control optSearchNormal was not a loaded control class.
Line 3626: Class FVUnicodeControl.FVistaUniOption of control optCungTenFolder was not a loaded control class.
Line 3647: Class FVUnicodeControl.FVistaUniButton of control FVistaUniButton16 was not a loaded control class.
Line 3676: Class FVUnicodeControl.FVistaUniLabel of control lblStatus was not a loaded control class.
Line 3696: Class OneClick.McListBox of control ListFind1 was not a loaded control class.
Line 3718: Class FVUnicodeControl.FVistaUniLabel of control FVistaUniLabel3 was not a loaded control class.
Line 3739: Class FVUnicodeControl.FVistaUniLabel of control lblKeyWord was not a loaded control class.
Line 3759: Class FVUnicodeControl.FVistaUniButton of control cmdSearch was not a loaded control class.
Line 3781: Class FVUnicodeControl.FVistaUniTextbox of control txtPath2Find was not a loaded control class.
Line 3804: Class FVUnicodeControl.FVistaUniTextbox of control txtKeyWord was not a loaded control class.
Line 3826: Class FVUnicodeControl.FVistaUniButton of control cmdSearchCaoCap was not a loaded control class.
Line 3849: Class FVUnicodeControl.FVistaUniButton of control cmdDeleteFile was not a loaded control class.
Line 3871: Class FVUnicodeControl.FVistaUniButton of control cmdOpenFolderCha was not a loaded control class.
Line 3893: Class FVUnicodeControl.FVistaUniButton of control cmdDeleteAll was not a loaded control class.
Line 3916: Class FVUnicodeControl.FVistaUniLabel of control lblPath was not a loaded control class.
Line 3937: Class FVUnicodeControl.FVistaUniCheckbox of control chkShowSystem was not a loaded control class.
Line 3958: Class FVUnicodeControl.FVistaUniCheckbox of control chkShowHidden was not a loaded control class.
Line 3979: Class OneClick.McListBox of control FileDir was not a loaded control class.
Line 4009: Class OneClick.McListBox of control FolderDir was not a loaded control class.
Line 4039: Class FVUnicodeControl.FVistaUniButton of control FVistaUniButton11 was not a loaded control class.
Line 4069: Class FVUnicodeControl.FVistaUniLabel of control lbllhelp was not a loaded control class.
Line 4089: Class FVUnicodeControl.FVistaUniLabel of control lblTacGia was not a loaded control class.
Line 4110: Class FVUnicodeControl.FVistaUniLabel of control lblSetting was not a loaded control class.
Line 33: The property name _ExtentX in FVistaUniLabel2 is invalid.
Line 34: The property name _ExtentY in FVistaUniLabel2 is invalid.
Line 35: The property name Caption in FVistaUniLabel2 is invalid.
Line 53: The property name _ExtentX in fmCaiDatChung is invalid.
Line 54: The property name _ExtentY in fmCaiDatChung is invalid.
Line 55: The property name Alignment in fmCaiDatChung is invalid.
Line 67: The property name Caption in fmCaiDatChung is invalid.
Line 68: The property name AutoUnicode in fmCaiDatChung is invalid.
Line 75: The property name _ExtentX in lblInternet is invalid.
Line 76: The property name _ExtentY in lblInternet is invalid.
Line 77: The property name Caption in lblInternet is invalid.
Line 95: The property name _ExtentX in lblTimeUse is invalid.
Line 96: The property name _ExtentY in lblTimeUse is invalid.
Line 97: The property name Caption in lblTimeUse is invalid.
Line 115: The property name _ExtentX in lblVirusView is invalid.
Line 116: The property name _ExtentY in lblVirusView is invalid.
Line 117: The property name Caption in lblVirusView is invalid.
Line 135: The property name _ExtentX in lblComputerHeal is invalid.
Line 136: The property name _ExtentY in lblComputerHeal is invalid.
Line 137: The property name Caption in lblComputerHeal is invalid.
Line 155: The property name _ExtentX in FVistaUniLabel29 is invalid.
Line 156: The property name _ExtentY in FVistaUniLabel29 is invalid.
Line 157: The property name Alignment in FVistaUniLabel29 is invalid.
Line 158: The property name Caption in FVistaUniLabel29 is invalid.
Line 176: The property name _ExtentX in lblLogOnErr is invalid.
Line 177: The property name _ExtentY in lblLogOnErr is invalid.
Line 178: The property name Caption in lblLogOnErr is invalid.
Line 196: The property name _ExtentX in FVistaUniLabel28 is invalid.
Line 197: The property name _ExtentY in FVistaUniLabel28 is invalid.
Line 198: The property name Caption in FVistaUniLabel28 is invalid.
Line 216: The property name _ExtentX in lblCheckReg is invalid.
Line 217: The property name _ExtentY in lblCheckReg is invalid.
Line 218: The property name Caption in lblCheckReg is invalid.
Line 236: The property name _ExtentX in lblCheckTask is invalid.
Line 237: The property name _ExtentY in lblCheckTask is invalid.
Line 238: The property name Caption in lblCheckTask is invalid.
Line 256: The property name _ExtentX in lblViewAutorun is invalid.
Line 257: The property name _ExtentY in lblViewAutorun is invalid.
Line 258: The property name Caption in lblViewAutorun is invalid.
Line 276: The property name _ExtentX in lblAutorunPro is invalid.
Line 277: The property name _ExtentY in lblAutorunPro is invalid.
Line 278: The property name Caption in lblAutorunPro is invalid.
Line 296: The property name _ExtentX in lblSizeRAM is invalid.
Line 297: The property name _ExtentY in lblSizeRAM is invalid.
Line 298: The property name Caption in lblSizeRAM is invalid.
Line 316: The property name _ExtentX in lblSizeHardDisk is invalid.
Line 317: The property name _ExtentY in lblSizeHardDisk is invalid.
Line 318: The property name Caption in lblSizeHardDisk is invalid.
Line 336: The property name _ExtentX in lblComputer is invalid.
Line 337: The property name _ExtentY in lblComputer is invalid.
Line 338: The property name AutoUnicode in lblComputer is invalid.
Line 339: The property name Caption in lblComputer is invalid.
Line 357: The property name _ExtentX in lblUser is invalid.
Line 358: The property name _ExtentY in lblUser is invalid.
Line 359: The property name AutoUnicode in lblUser is invalid.
Line 360: The property name Caption in lblUser is invalid.
Line 378: The property name _ExtentX in lblHDH is invalid.
Line 379: The property name _ExtentY in lblHDH is invalid.
Line 380: The property name AutoUnicode in lblHDH is invalid.
Line 381: The property name Caption in lblHDH is invalid.
Line 399: The property name _ExtentX in FVistaUniLabel12 is invalid.
Line 400: The property name _ExtentY in FVistaUniLabel12 is invalid.
Line 401: The property name Alignment in FVistaUniLabel12 is invalid.
Line 402: The property name BackStyle in FVistaUniLabel12 is invalid.
Line 403: The property name Caption in FVistaUniLabel12 is invalid.
Line 421: The property name _ExtentX in FVistaUniButton14 is invalid.
Line 422: The property name _ExtentY in FVistaUniButton14 is invalid.
Line 424: The property name ButtonShape in FVistaUniButton14 is invalid.
Line 425: The property name Caption in FVistaUniButton14 is invalid.
Line 442: The property name _ExtentX in FVistaUniLabel13 is invalid.
Line 443: The property name _ExtentY in FVistaUniLabel13 is invalid.
Line 444: The property name Alignment in FVistaUniLabel13 is invalid.
Line 445: The property name BackStyle in FVistaUniLabel13 is invalid.
Line 446: The property name Caption in FVistaUniLabel13 is invalid.
Line 464: The property name _ExtentX in FVistaUniLabel14 is invalid.
Line 465: The property name _ExtentY in FVistaUniLabel14 is invalid.
Line 466: The property name Alignment in FVistaUniLabel14 is invalid.
Line 467: The property name BackStyle in FVistaUniLabel14 is invalid.
Line 468: The property name Caption in FVistaUniLabel14 is invalid.
Line 486: The property name _ExtentX in FVistaUniLabel15 is invalid.
Line 487: The property name _ExtentY in FVistaUniLabel15 is invalid.
Line 488: The property name Alignment in FVistaUniLabel15 is invalid.
Line 489: The property name BackStyle in FVistaUniLabel15 is invalid.
Line 490: The property name Caption in FVistaUniLabel15 is invalid.
Line 508: The property name _ExtentX in FVistaUniLabel16 is invalid.
Line 509: The property name _ExtentY in FVistaUniLabel16 is invalid.
Line 510: The property name Alignment in FVistaUniLabel16 is invalid.
Line 511: The property name BackStyle in FVistaUniLabel16 is invalid.
Line 512: The property name Caption in FVistaUniLabel16 is invalid.
Line 530: The property name _ExtentX in FVistaUniLabel17 is invalid.
Line 531: The property name _ExtentY in FVistaUniLabel17 is invalid.
Line 532: The property name Alignment in FVistaUniLabel17 is invalid.
Line 533: The property name BackStyle in FVistaUniLabel17 is invalid.
Line 534: The property name Caption in FVistaUniLabel17 is invalid.
Line 552: The property name _ExtentX in FVistaUniLabel18 is invalid.
Line 553: The property name _ExtentY in FVistaUniLabel18 is invalid.
Line 554: The property name Alignment in FVistaUniLabel18 is invalid.
Line 555: The property name BackStyle in FVistaUniLabel18 is invalid.
Line 556: The property name Caption in FVistaUniLabel18 is invalid.
Line 574: The property name _ExtentX in FVistaUniLabel19 is invalid.
Line 575: The property name _ExtentY in FVistaUniLabel19 is invalid.
Line 576: The property name Alignment in FVistaUniLabel19 is invalid.
Line 577: The property name BackStyle in FVistaUniLabel19 is invalid.
Line 578: The property name Caption in FVistaUniLabel19 is invalid.
Line 596: The property name _ExtentX in FVistaUniLabel20 is invalid.
Line 597: The property name _ExtentY in FVistaUniLabel20 is invalid.
Line 598: The property name Alignment in FVistaUniLabel20 is invalid.
Line 599: The property name BackStyle in FVistaUniLabel20 is invalid.
Line 600: The property name Caption in FVistaUniLabel20 is invalid.
Line 618: The property name _ExtentX in FVistaUniLabel21 is invalid.
Line 619: The property name _ExtentY in FVistaUniLabel21 is invalid.
Line 620: The property name Alignment in FVistaUniLabel21 is invalid.
Line 621: The property name BackStyle in FVistaUniLabel21 is invalid.
Line 622: The property name Caption in FVistaUniLabel21 is invalid.
Line 640: The property name _ExtentX in FVistaUniLabel22 is invalid.
Line 641: The property name _ExtentY in FVistaUniLabel22 is invalid.
Line 642: The property name Alignment in FVistaUniLabel22 is invalid.
Line 643: The property name BackStyle in FVistaUniLabel22 is invalid.
Line 644: The property name Caption in FVistaUniLabel22 is invalid.
Line 662: The property name _ExtentX in FVistaUniLabel23 is invalid.
Line 663: The property name _ExtentY in FVistaUniLabel23 is invalid.
Line 664: The property name Alignment in FVistaUniLabel23 is invalid.
Line 665: The property name BackStyle in FVistaUniLabel23 is invalid.
Line 666: The property name Caption in FVistaUniLabel23 is invalid.
Line 684: The property name _ExtentX in FVistaUniLabel24 is invalid.
Line 685: The property name _ExtentY in FVistaUniLabel24 is invalid.
Line 686: The property name Alignment in FVistaUniLabel24 is invalid.
Line 687: The property name BackStyle in FVistaUniLabel24 is invalid.
Line 688: The property name Caption in FVistaUniLabel24 is invalid.
Line 706: The property name _ExtentX in FVistaUniLabel25 is invalid.
Line 707: The property name _ExtentY in FVistaUniLabel25 is invalid.
Line 708: The property name Alignment in FVistaUniLabel25 is invalid.
Line 709: The property name BackStyle in FVistaUniLabel25 is invalid.
Line 710: The property name Caption in FVistaUniLabel25 is invalid.
Line 728: The property name _ExtentX in FVistaUniLabel26 is invalid.
Line 729: The property name _ExtentY in FVistaUniLabel26 is invalid.
Line 730: The property name Alignment in FVistaUniLabel26 is invalid.
Line 731: The property name BackStyle in FVistaUniLabel26 is invalid.
Line 732: The property name Caption in FVistaUniLabel26 is invalid.
Line 751: The property name _ExtentX in lblMe is invalid.
Line 752: The property name _ExtentY in lblMe is invalid.
Line 753: The property name Alignment in lblMe is invalid.
Line 754: The property name BackStyle in lblMe is invalid.
Line 755: The property name Caption in lblMe is invalid.
Line 778: The property name _ExtentX in lblUpdate is invalid.
Line 779: The property name _ExtentY in lblUpdate is invalid.
Line 780: The property name Caption in lblUpdate is invalid.
Line 798: The property name _ExtentX in cmdMoRong is invalid.
Line 799: The property name _ExtentY in cmdMoRong is invalid.
Line 801: The property name ButtonStyle in cmdMoRong is invalid.
Line 802: The property name Caption in cmdMoRong is invalid.
Line 819: The property name _ExtentX in fraHelp is invalid.
Line 820: The property name _ExtentY in fraHelp is invalid.
Line 821: The property name Alignment in fraHelp is invalid.
Line 833: The property name Caption in fraHelp is invalid.
Line 834: The property name AutoUnicode in fraHelp is invalid.
Line 841: The property name _ExtentX in lblHelp is invalid.
Line 842: The property name _ExtentY in lblHelp is invalid.
Line 843: The property name BackStyle in lblHelp is invalid.
Line 844: The property name Caption in lblHelp is invalid.
Line 864: The property name _ExtentX in FVistaUniTabStrip1 is invalid.
Line 865: The property name _ExtentY in FVistaUniTabStrip1 is invalid.
Line 866: The property name TabCount in FVistaUniTabStrip1 is invalid.
Line 867: The property name TabCaption(0) in FVistaUniTabStrip1 is invalid.
Line 868: The property name TabCaption(1) in FVistaUniTabStrip1 is invalid.
Line 869: The property name TabCaption(2) in FVistaUniTabStrip1 is invalid.
Line 870: The property name TabCaption(3) in FVistaUniTabStrip1 is invalid.
Line 871: The property name TabCaption(4) in FVistaUniTabStrip1 is invalid.
Line 872: The property name TabCaption(5) in FVistaUniTabStrip1 is invalid.
Line 873: The property name AutoUni in FVistaUniTabStrip1 is invalid.
Line 874: The property name ActiveTabBackEndColor in FVistaUniTabStrip1 is invalid.
Line 875: The property name ActiveTabBackStartColor in FVistaUniTabStrip1 is invalid.
Line 884: The property name ActiveTabFont in FVistaUniTabStrip1 is invalid.
Line 885: The property name ActiveTabForeColor in FVistaUniTabStrip1 is invalid.
Line 887: The property name BottomRightInnerBorderColor in FVistaUniTabStrip1 is invalid.
Line 888: The property name DisabledTabBackColor in FVistaUniTabStrip1 is invalid.
Line 889: The property name DisabledTabForeColor in FVistaUniTabStrip1 is invalid.
Line 890: The property name InActiveTabBackEndColor in FVistaUniTabStrip1 is invalid.
Line 891: The property name InActiveTabBackStartColor in FVistaUniTabStrip1 is invalid.
Line 900: The property name InActiveTabFont in FVistaUniTabStrip1 is invalid.
Line 901: The property name InActiveTabForeColor in FVistaUniTabStrip1 is invalid.
Line 902: The property name OuterBorderColor in FVistaUniTabStrip1 is invalid.
Line 903: The property name PictureAlign in FVistaUniTabStrip1 is invalid.
Line 904: The property name PictureSize in FVistaUniTabStrip1 is invalid.
Line 905: The property name UseMouseWheelScroll in FVistaUniTabStrip1 is invalid.
Line 906: The property name TabOffset in FVistaUniTabStrip1 is invalid.
Line 913: The property name _ExtentX in cmdChangePicture is invalid.
Line 914: The property name _ExtentY in cmdChangePicture is invalid.
Line 916: The property name Caption in cmdChangePicture is invalid.
Line 933: The property name _ExtentX in cmdChangeInfo is invalid.
Line 934: The property name _ExtentY in cmdChangeInfo is invalid.
Line 936: The property name Caption in cmdChangeInfo is invalid.
Line 953: The property name _ExtentX in FVistaUniLabel11 is invalid.
Line 954: The property name _ExtentY in FVistaUniLabel11 is invalid.
Line 955: The property name BackStyle in FVistaUniLabel11 is invalid.
Line 956: The property name Caption in FVistaUniLabel11 is invalid.
Line 973: The property name _ExtentX in FVistaUniLabel10 is invalid.
Line 974: The property name _ExtentY in FVistaUniLabel10 is invalid.
Line 975: The property name BackStyle in FVistaUniLabel10 is invalid.
Line 976: The property name Caption in FVistaUniLabel10 is invalid.
Line 993: The property name _ExtentX in txtOemInfo is invalid.
Line 994: The property name _ExtentY in txtOemInfo is invalid.
Line 1005: The property name Text in txtOemInfo is invalid.
Line 1006: The property name MultiLine in txtOemInfo is invalid.
Line 1008: The property name BorderLine in txtOemInfo is invalid.
Line 1009: The property name Scrollbar in txtOemInfo is invalid.
Line 987: Property BorderStyle in txtOemInfo could not be set.
Line 1017: The property name _ExtentX in FVistaUniLabel4 is invalid.
Line 1018: The property name _ExtentY in FVistaUniLabel4 is invalid.
Line 1019: The property name Alignment in FVistaUniLabel4 is invalid.
Line 1020: The property name Caption in FVistaUniLabel4 is invalid.
Line 1049: The property name _ExtentX in cmdTimKiemFile is invalid.
Line 1050: The property name _ExtentY in cmdTimKiemFile is invalid.
Line 1052: The property name ButtonShape in cmdTimKiemFile is invalid.
Line 1053: The property name ButtonStyle in cmdTimKiemFile is invalid.
Line 1054: The property name Caption in cmdTimKiemFile is invalid.
Line 1071: The property name _ExtentX in cmdSaveLog is invalid.
Line 1072: The property name _ExtentY in cmdSaveLog is invalid.
Line 1074: The property name ButtonShape in cmdSaveLog is invalid.
Line 1075: The property name ButtonStyle in cmdSaveLog is invalid.
Line 1076: The property name Caption in cmdSaveLog is invalid.
Line 1093: The property name _ExtentX in cmdKiemtra is invalid.
Line 1094: The property name _ExtentY in cmdKiemtra is invalid.
Line 1096: The property name ButtonShape in cmdKiemtra is invalid.
Line 1097: The property name ButtonStyle in cmdKiemtra is invalid.
Line 1098: The property name Caption in cmdKiemtra is invalid.
Line 1115: The property name _ExtentX in txtCheck is invalid.
Line 1116: The property name _ExtentY in txtCheck is invalid.
Line 1127: The property name Text in txtCheck is invalid.
Line 1128: The property name MultiLine in txtCheck is invalid.
Line 1129: The property name Locked in txtCheck is invalid.
Line 1131: The property name BorderLine in txtCheck is invalid.
Line 1132: The property name Scrollbar in txtCheck is invalid.
Line 1109: Property BorderStyle in txtCheck could not be set.
Line 1140: The property name _ExtentX in FVistaUniButton10 is invalid.
Line 1141: The property name _ExtentY in FVistaUniButton10 is invalid.
Line 1143: The property name ButtonShape in FVistaUniButton10 is invalid.
Line 1144: The property name Caption in FVistaUniButton10 is invalid.
Line 1161: The property name _ExtentX in FVistaUniButton6 is invalid.
Line 1162: The property name _ExtentY in FVistaUniButton6 is invalid.
Line 1164: The property name ButtonShape in FVistaUniButton6 is invalid.
Line 1165: The property name Caption in FVistaUniButton6 is invalid.
Line 1182: The property name _ExtentX in FVistaUniFrame6 is invalid.
Line 1183: The property name _ExtentY in FVistaUniFrame6 is invalid.
Line 1184: The property name Alignment in FVistaUniFrame6 is invalid.
Line 1196: The property name Caption in FVistaUniFrame6 is invalid.
Line 1197: The property name AutoUnicode in FVistaUniFrame6 is invalid.
Line 1204: The property name _ExtentX in FVistaUniLabel9 is invalid.
Line 1205: The property name _ExtentY in FVistaUniLabel9 is invalid.
Line 1206: The property name Caption in FVistaUniLabel9 is invalid.
Line 1233: The property name _ExtentX in lblFile is invalid.
Line 1234: The property name _ExtentY in lblFile is invalid.
Line 1235: The property name BackStyle in lblFile is invalid.
Line 1236: The property name Caption in lblFile is invalid.
Line 1253: The property name _ExtentX in FVistaUniLabel8 is invalid.
Line 1254: The property name _ExtentY in FVistaUniLabel8 is invalid.
Line 1255: The property name BackStyle in FVistaUniLabel8 is invalid.
Line 1256: The property name Caption in FVistaUniLabel8 is invalid.
Line 1274: The property name _ExtentX in cmdCancel is invalid.
Line 1275: The property name _ExtentY in cmdCancel is invalid.
Line 1277: The property name ButtonShape in cmdCancel is invalid.
Line 1278: The property name ButtonStyle in cmdCancel is invalid.
Line 1279: The property name Caption in cmdCancel is invalid.
Line 1296: The property name _ExtentX in cmdOK is invalid.
Line 1297: The property name _ExtentY in cmdOK is invalid.
Line 1299: The property name ButtonShape in cmdOK is invalid.
Line 1300: The property name ButtonStyle in cmdOK is invalid.
Line 1301: The property name Caption in cmdOK is invalid.
Line 1318: The property name _ExtentX in cmdDelFile is invalid.
Line 1319: The property name _ExtentY in cmdDelFile is invalid.
Line 1321: The property name ButtonShape in cmdDelFile is invalid.
Line 1322: The property name ButtonStyle in cmdDelFile is invalid.
Line 1323: The property name Caption in cmdDelFile is invalid.
Line 1340: The property name _ExtentX in cmdAddFile is invalid.
Line 1341: The property name _ExtentY in cmdAddFile is invalid.
Line 1343: The property name ButtonShape in cmdAddFile is invalid.
Line 1344: The property name ButtonStyle in cmdAddFile is invalid.
Line 1345: The property name Caption in cmdAddFile is invalid.
Line 1363: The property name _ExtentX in FVistaUniButton5 is invalid.
Line 1364: The property name _ExtentY in FVistaUniButton5 is invalid.
Line 1366: The property name ButtonShape in FVistaUniButton5 is invalid.
Line 1367: The property name Caption in FVistaUniButton5 is invalid.
Line 1384: The property name _ExtentX in FVistaUniFrame5 is invalid.
Line 1385: The property name _ExtentY in FVistaUniFrame5 is invalid.
Line 1386: The property name Alignment in FVistaUniFrame5 is invalid.
Line 1398: The property name Caption in FVistaUniFrame5 is invalid.
Line 1399: The property name AutoUnicode in FVistaUniFrame5 is invalid.
Line 1406: The property name _ExtentX in FVistaUniButton9 is invalid.
Line 1407: The property name _ExtentY in FVistaUniButton9 is invalid.
Line 1409: The property name ButtonShape in FVistaUniButton9 is invalid.
Line 1410: The property name ButtonStyle in FVistaUniButton9 is invalid.
Line 1411: The property name Caption in FVistaUniButton9 is invalid.
Line 1428: The property name _ExtentX in FVistaUniButton8 is invalid.
Line 1429: The property name _ExtentY in FVistaUniButton8 is invalid.
Line 1431: The property name ButtonShape in FVistaUniButton8 is invalid.
Line 1432: The property name ButtonStyle in FVistaUniButton8 is invalid.
Line 1433: The property name Caption in FVistaUniButton8 is invalid.
Line 1450: The property name _ExtentX in cmdDel is invalid.
Line 1451: The property name _ExtentY in cmdDel is invalid.
Line 1453: The property name ButtonShape in cmdDel is invalid.
Line 1454: The property name ButtonStyle in cmdDel is invalid.
Line 1455: The property name Caption in cmdDel is invalid.
Line 1472: The property name _ExtentX in FVistaUniLabel7 is invalid.
Line 1473: The property name _ExtentY in FVistaUniLabel7 is invalid.
Line 1474: The property name BackStyle in FVistaUniLabel7 is invalid.
Line 1475: The property name Caption in FVistaUniLabel7 is invalid.
Line 1492: The property name _ExtentX in ListCam is invalid.
Line 1493: The property name _ExtentY in ListCam is invalid.
Line 1503: The property name ItemHeight in ListCam is invalid.
Line 1504: The property name AutoUni in ListCam is invalid.
Line 1512: The property name _ExtentX in cmdAdd is invalid.
Line 1513: The property name _ExtentY in cmdAdd is invalid.
Line 1515: The property name ButtonShape in cmdAdd is invalid.
Line 1516: The property name ButtonStyle in cmdAdd is invalid.
Line 1517: The property name Caption in cmdAdd is invalid.
Line 1534: The property name _ExtentX in FVistaUniLabel6 is invalid.
Line 1535: The property name _ExtentY in FVistaUniLabel6 is invalid.
Line 1536: The property name BackStyle in FVistaUniLabel6 is invalid.
Line 1537: The property name Caption in FVistaUniLabel6 is invalid.
Line 1554: The property name _ExtentX in txtFileName is invalid.
Line 1555: The property name _ExtentY in txtFileName is invalid.
Line 1566: The property name Text in txtFileName is invalid.
Line 1568: The property name BorderLine in txtFileName is invalid.
Line 1548: Property BorderStyle in txtFileName could not be set.
Line 1577: The property name _ExtentX in FVistaUniFrame4 is invalid.
Line 1578: The property name _ExtentY in FVistaUniFrame4 is invalid.
Line 1579: The property name Alignment in FVistaUniFrame4 is invalid.
Line 1591: The property name Caption in FVistaUniFrame4 is invalid.
Line 1592: The property name AutoUnicode in FVistaUniFrame4 is invalid.
Line 1599: The property name _ExtentX in ListVR is invalid.
Line 1600: The property name _ExtentY in ListVR is invalid.
Line 1611: Property BorderStyle in ListVR had an invalid value.
Line 1593: Property Picture in ListVR could not be set.
Line 1619: The property name _ExtentX in slVirus is invalid.
Line 1620: The property name _ExtentY in slVirus is invalid.
Line 1621: The property name BackStyle in slVirus is invalid.
Line 1622: The property name Caption in slVirus is invalid.
Line 1639: The property name _ExtentX in cmdCheckVR is invalid.
Line 1640: The property name _ExtentY in cmdCheckVR is invalid.
Line 1642: The property name ButtonShape in cmdCheckVR is invalid.
Line 1643: The property name ButtonStyle in cmdCheckVR is invalid.
Line 1644: The property name Caption in cmdCheckVR is invalid.
Line 1661: The property name _ExtentX in cmdDiet is invalid.
Line 1662: The property name _ExtentY in cmdDiet is invalid.
Line 1664: The property name ButtonShape in cmdDiet is invalid.
Line 1665: The property name ButtonStyle in cmdDiet is invalid.
Line 1666: The property name Caption in cmdDiet is invalid.
Line 1677: The property name State in cmdDiet is invalid.
Line 1685: The property name _ExtentX in FVistaUniLabel5 is invalid.
Line 1686: The property name _ExtentY in FVistaUniLabel5 is invalid.
Line 1687: The property name BackStyle in FVistaUniLabel5 is invalid.
Line 1688: The property name Caption in FVistaUniLabel5 is invalid.
Line 1706: The property name _ExtentX in FVistaUniFrame3 is invalid.
Line 1707: The property name _ExtentY in FVistaUniFrame3 is invalid.
Line 1708: The property name Alignment in FVistaUniFrame3 is invalid.
Line 1720: The property name Caption in FVistaUniFrame3 is invalid.
Line 1721: The property name AutoUnicode in FVistaUniFrame3 is invalid.
Line 1728: The property name _ExtentX in chkWrite is invalid.
Line 1729: The property name _ExtentY in chkWrite is invalid.
Line 1739: The property name Caption in chkWrite is invalid.
Line 1748: The property name _ExtentX in chkUSB is invalid.
Line 1749: The property name _ExtentY in chkUSB is invalid.
Line 1759: The property name Caption in chkUSB is invalid.
Line 1768: The property name _ExtentX in chkAUTORUN is invalid.
Line 1769: The property name _ExtentY in chkAUTORUN is invalid.
Line 1779: The property name Caption in chkAUTORUN is invalid.
Line 1788: The property name _ExtentX in chkHIDDEN is invalid.
Line 1789: The property name _ExtentY in chkHIDDEN is invalid.
Line 1799: The property name Caption in chkHIDDEN is invalid.
Line 1808: The property name _ExtentX in chkEXE is invalid.
Line 1809: The property name _ExtentY in chkEXE is invalid.
Line 1819: The property name Caption in chkEXE is invalid.
Line 1829: The property name _ExtentX in EXEHelp is invalid.
Line 1830: The property name _ExtentY in EXEHelp is invalid.
Line 1832: The property name ButtonStyle in EXEHelp is invalid.
Line 1833: The property name Caption in EXEHelp is invalid.
Line 1844: The property name PicOpacity in EXEHelp is invalid.
Line 1853: The property name _ExtentX in HIDEHelp is invalid.
Line 1854: The property name _ExtentY in HIDEHelp is invalid.
Line 1856: The property name ButtonStyle in HIDEHelp is invalid.
Line 1857: The property name Caption in HIDEHelp is invalid.
Line 1868: The property name PicOpacity in HIDEHelp is invalid.
Line 1877: The property name _ExtentX in AutorunHelp is invalid.
Line 1878: The property name _ExtentY in AutorunHelp is invalid.
Line 1880: The property name ButtonStyle in AutorunHelp is invalid.
Line 1881: The property name Caption in AutorunHelp is invalid.
Line 1892: The property name PicOpacity in AutorunHelp is invalid.
Line 1901: The property name _ExtentX in USBHelp is invalid.
Line 1902: The property name _ExtentY in USBHelp is invalid.
Line 1904: The property name ButtonStyle in USBHelp is invalid.
Line 1905: The property name Caption in USBHelp is invalid.
Line 1916: The property name PicOpacity in USBHelp is invalid.
Line 1925: The property name _ExtentX in WriteHelp is invalid.
Line 1926: The property name _ExtentY in WriteHelp is invalid.
Line 1928: The property name ButtonStyle in WriteHelp is invalid.
Line 1929: The property name Caption in WriteHelp is invalid.
Line 1940: The property name PicOpacity in WriteHelp is invalid.
Line 1949: The property name _ExtentX in FVistaUniFrame2 is invalid.
Line 1950: The property name _ExtentY in FVistaUniFrame2 is invalid.
Line 1951: The property name Alignment in FVistaUniFrame2 is invalid.
Line 1963: The property name Caption in FVistaUniFrame2 is invalid.
Line 1964: The property name AutoUnicode in FVistaUniFrame2 is invalid.
Line 1971: The property name _ExtentX in chkDOC is invalid.
Line 1972: The property name _ExtentY in chkDOC is invalid.
Line 1982: The property name Caption in chkDOC is invalid.
Line 1991: The property name _ExtentX in chkPRO is invalid.
Line 1992: The property name _ExtentY in chkPRO is invalid.
Line 2002: The property name Caption in chkPRO is invalid.
Line 2011: The property name _ExtentX in chkTURNOFF is invalid.
Line 2012: The property name _ExtentY in chkTURNOFF is invalid.
Line 2022: The property name Caption in chkTURNOFF is invalid.
Line 2031: The property name _ExtentX in chkLOGOFF is invalid.
Line 2032: The property name _ExtentY in chkLOGOFF is invalid.
Line 2042: The property name Caption in chkLOGOFF is invalid.
Line 2051: The property name _ExtentX in chkSearch is invalid.
Line 2052: The property name _ExtentY in chkSearch is invalid.
Line 2062: The property name Caption in chkSearch is invalid.
Line 2071: The property name _ExtentX in chkHelp is invalid.
Line 2072: The property name _ExtentY in chkHelp is invalid.
Line 2082: The property name Caption in chkHelp is invalid.
Line 2091: The property name _ExtentX in chkRUN is invalid.
Line 2092: The property name _ExtentY in chkRUN is invalid.
Line 2102: The property name Caption in chkRUN is invalid.
Line 2111: The property name _ExtentX in chkCPITEM is invalid.
Line 2112: The property name _ExtentY in chkCPITEM is invalid.
Line 2122: The property name Caption in chkCPITEM is invalid.
Line 2131: The property name _ExtentX in chkTRAYCLOCK is invalid.
Line 2132: The property name _ExtentY in chkTRAYCLOCK is invalid.
Line 2142: The property name Caption in chkTRAYCLOCK is invalid.
Line 2151: The property name _ExtentX in chkCOMPUTER is invalid.
Line 2152: The property name _ExtentY in chkCOMPUTER is invalid.
Line 2162: The property name Caption in chkCOMPUTER is invalid.
Line 2171: The property name _ExtentX in chkCPA is invalid.
Line 2172: The property name _ExtentY in chkCPA is invalid.
Line 2182: The property name Caption in chkCPA is invalid.
Line 2192: The property name _ExtentX in OffHelp is invalid.
Line 2193: The property name _ExtentY in OffHelp is invalid.
Line 2195: The property name ButtonStyle in OffHelp is invalid.
Line 2196: The property name Caption in OffHelp is invalid.
Line 2207: The property name PicOpacity in OffHelp is invalid.
Line 2216: The property name _ExtentX in LogOffHelp is invalid.
Line 2217: The property name _ExtentY in LogOffHelp is invalid.
Line 2219: The property name ButtonStyle in LogOffHelp is invalid.
Line 2220: The property name Caption in LogOffHelp is invalid.
Line 2231: The property name PicOpacity in LogOffHelp is invalid.
Line 2240: The property name _ExtentX in StartHelp is invalid.
Line 2241: The property name _ExtentY in StartHelp is invalid.
Line 2243: The property name ButtonStyle in StartHelp is invalid.
Line 2244: The property name Caption in StartHelp is invalid.
Line 2255: The property name PicOpacity in StartHelp is invalid.
Line 2264: The property name _ExtentX in HelpHelp is invalid.
Line 2265: The property name _ExtentY in HelpHelp is invalid.
Line 2267: The property name ButtonStyle in HelpHelp is invalid.
Line 2268: The property name Caption in HelpHelp is invalid.
Line 2279: The property name PicOpacity in HelpHelp is invalid.
Line 2288: The property name _ExtentX in RunHelp is invalid.
Line 2289: The property name _ExtentY in RunHelp is invalid.
Line 2291: The property name ButtonStyle in RunHelp is invalid.
Line 2292: The property name Caption in RunHelp is invalid.
Line 2303: The property name PicOpacity in RunHelp is invalid.
Line 2312: The property name _ExtentX in CPITEMHelp is invalid.
Line 2313: The property name _ExtentY in CPITEMHelp is invalid.
Line 2315: The property name ButtonStyle in CPITEMHelp is invalid.
Line 2316: The property name Caption in CPITEMHelp is invalid.
Line 2327: The property name PicOpacity in CPITEMHelp is invalid.
Line 2336: The property name _ExtentX in ClockHelp is invalid.
Line 2337: The property name _ExtentY in ClockHelp is invalid.
Line 2339: The property name ButtonStyle in ClockHelp is invalid.
Line 2340: The property name Caption in ClockHelp is invalid.
Line 2351: The property name PicOpacity in ClockHelp is invalid.
Line 2360: The property name _ExtentX in ComputerHelp is invalid.
Line 2361: The property name _ExtentY in ComputerHelp is invalid.
Line 2363: The property name ButtonStyle in ComputerHelp is invalid.
Line 2364: The property name Caption in ComputerHelp is invalid.
Line 2375: The property name PicOpacity in ComputerHelp is invalid.
Line 2384: The property name _ExtentX in HIDECPHelp is invalid.
Line 2385: The property name _ExtentY in HIDECPHelp is invalid.
Line 2387: The property name ButtonStyle in HIDECPHelp is invalid.
Line 2388: The property name Caption in HIDECPHelp is invalid.
Line 2399: The property name PicOpacity in HIDECPHelp is invalid.
Line 2408: The property name _ExtentX in ProgramHelp is invalid.
Line 2409: The property name _ExtentY in ProgramHelp is invalid.
Line 2411: The property name ButtonStyle in ProgramHelp is invalid.
Line 2412: The property name Caption in ProgramHelp is invalid.
Line 2423: The property name PicOpacity in ProgramHelp is invalid.
Line 2432: The property name _ExtentX in DocHelp is invalid.
Line 2433: The property name _ExtentY in DocHelp is invalid.
Line 2435: The property name ButtonStyle in DocHelp is invalid.
Line 2436: The property name Caption in DocHelp is invalid.
Line 2447: The property name PicOpacity in DocHelp is invalid.
Line 2456: The property name _ExtentX in FVistaUniFrame1 is invalid.
Line 2457: The property name _ExtentY in FVistaUniFrame1 is invalid.
Line 2458: The property name Alignment in FVistaUniFrame1 is invalid.
Line 2470: The property name Caption in FVistaUniFrame1 is invalid.
Line 2471: The property name AutoUnicode in FVistaUniFrame1 is invalid.
Line 2478: The property name _ExtentX in chkWin is invalid.
Line 2479: The property name _ExtentY in chkWin is invalid.
Line 2489: The property name Caption in chkWin is invalid.
Line 2498: The property name _ExtentX in chkTaskbar is invalid.
Line 2499: The property name _ExtentY in chkTaskbar is invalid.
Line 2509: The property name Caption in chkTaskbar is invalid.
Line 2518: The property name _ExtentX in chkDESKTOP is invalid.
Line 2519: The property name _ExtentY in chkDESKTOP is invalid.
Line 2529: The property name Caption in chkDESKTOP is invalid.
Line 2538: The property name _ExtentX in chkFILEMENU is invalid.
Line 2539: The property name _ExtentY in chkFILEMENU is invalid.
Line 2549: The property name Caption in chkFILEMENU is invalid.
Line 2558: The property name _ExtentX in chkRIGHT is invalid.
Line 2559: The property name _ExtentY in chkRIGHT is invalid.
Line 2569: The property name Caption in chkRIGHT is invalid.
Line 2578: The property name _ExtentX in chkTRAY is invalid.
Line 2579: The property name _ExtentY in chkTRAY is invalid.
Line 2589: The property name Caption in chkTRAY is invalid.
Line 2598: The property name _ExtentX in chkIEHOME is invalid.
Line 2599: The property name _ExtentY in chkIEHOME is invalid.
Line 2609: The property name Caption in chkIEHOME is invalid.
Line 2618: The property name _ExtentX in chkCP is invalid.
Line 2619: The property name _ExtentY in chkCP is invalid.
Line 2629: The property name Caption in chkCP is invalid.
Line 2638: The property name _ExtentX in chkCMD is invalid.
Line 2639: The property name _ExtentY in chkCMD is invalid.
Line 2649: The property name Caption in chkCMD is invalid.
Line 2658: The property name _ExtentX in chkREG is invalid.
Line 2659: The property name _ExtentY in chkREG is invalid.
Line 2669: The property name Caption in chkREG is invalid.
Line 2678: The property name _ExtentX in chkTask is invalid.
Line 2679: The property name _ExtentY in chkTask is invalid.
Line 2689: The property name Caption in chkTask is invalid.
Line 2699: The property name _ExtentX in TaskHelp is invalid.
Line 2700: The property name _ExtentY in TaskHelp is invalid.
Line 2702: The property name ButtonShape in TaskHelp is invalid.
Line 2703: The property name ButtonStyle in TaskHelp is invalid.
Line 2704: The property name Caption in TaskHelp is invalid.
Line 2715: The property name PicOpacity in TaskHelp is invalid.
Line 2724: The property name _ExtentX in RegHelp is invalid.
Line 2725: The property name _ExtentY in RegHelp is invalid.
Line 2727: The property name ButtonShape in RegHelp is invalid.
Line 2728: The property name ButtonStyle in RegHelp is invalid.
Line 2729: The property name Caption in RegHelp is invalid.
Line 2740: The property name PicOpacity in RegHelp is invalid.
Line 2749: The property name _ExtentX in ComHelp is invalid.
Line 2750: The property name _ExtentY in ComHelp is invalid.
Line 2752: The property name ButtonShape in ComHelp is invalid.
Line 2753: The property name ButtonStyle in ComHelp is invalid.
Line 2754: The property name Caption in ComHelp is invalid.
Line 2765: The property name PicOpacity in ComHelp is invalid.
Line 2774: The property name _ExtentX in CPHelp is invalid.
Line 2775: The property name _ExtentY in CPHelp is invalid.
Line 2777: The property name ButtonShape in CPHelp is invalid.
Line 2778: The property name ButtonStyle in CPHelp is invalid.
Line 2779: The property name Caption in CPHelp is invalid.
Line 2790: The property name PicOpacity in CPHelp is invalid.
Line 2799: The property name _ExtentX in IEHelp is invalid.
Line 2800: The property name _ExtentY in IEHelp is invalid.
Line 2802: The property name ButtonShape in IEHelp is invalid.
Line 2803: The property name ButtonStyle in IEHelp is invalid.
Line 2804: The property name Caption in IEHelp is invalid.
Line 2815: The property name PicOpacity in IEHelp is invalid.
Line 2824: The property name _ExtentX in TrayHelp is invalid.
Line 2825: The property name _ExtentY in TrayHelp is invalid.
Line 2827: The property name ButtonShape in TrayHelp is invalid.
Line 2828: The property name ButtonStyle in TrayHelp is invalid.
Line 2829: The property name Caption in TrayHelp is invalid.
Line 2840: The property name PicOpacity in TrayHelp is invalid.
Line 2849: The property name _ExtentX in RIGHTHelp is invalid.
Line 2850: The property name _ExtentY in RIGHTHelp is invalid.
Line 2852: The property name ButtonShape in RIGHTHelp is invalid.
Line 2853: The property name ButtonStyle in RIGHTHelp is invalid.
Line 2854: The property name Caption in RIGHTHelp is invalid.
Line 2865: The property name PicOpacity in RIGHTHelp is invalid.
Line 2874: The property name _ExtentX in MENUHelp is invalid.
Line 2875: The property name _ExtentY in MENUHelp is invalid.
Line 2877: The property name ButtonShape in MENUHelp is invalid.
Line 2878: The property name ButtonStyle in MENUHelp is invalid.
Line 2879: The property name Caption in MENUHelp is invalid.
Line 2890: The property name PicOpacity in MENUHelp is invalid.
Line 2899: The property name _ExtentX in DeskHelp is invalid.
Line 2900: The property name _ExtentY in DeskHelp is invalid.
Line 2902: The property name ButtonShape in DeskHelp is invalid.
Line 2903: The property name ButtonStyle in DeskHelp is invalid.
Line 2904: The property name Caption in DeskHelp is invalid.
Line 2915: The property name PicOpacity in DeskHelp is invalid.
Line 2924: The property name _ExtentX in TaskbarHelp is invalid.
Line 2925: The property name _ExtentY in TaskbarHelp is invalid.
Line 2927: The property name ButtonShape in TaskbarHelp is invalid.
Line 2928: The property name ButtonStyle in TaskbarHelp is invalid.
Line 2929: The property name Caption in TaskbarHelp is invalid.
Line 2940: The property name PicOpacity in TaskbarHelp is invalid.
Line 2949: The property name _ExtentX in WinHelp is invalid.
Line 2950: The property name _ExtentY in WinHelp is invalid.
Line 2952: The property name ButtonShape in WinHelp is invalid.
Line 2953: The property name ButtonStyle in WinHelp is invalid.
Line 2954: The property name Caption in WinHelp is invalid.
Line 2965: The property name PicOpacity in WinHelp is invalid.
Line 2974: The property name _ExtentX in cmdSet is invalid.
Line 2975: The property name _ExtentY in cmdSet is invalid.
Line 2977: The property name ButtonStyle in cmdSet is invalid.
Line 2978: The property name Caption in cmdSet is invalid.
Line 2979: The property name Effects in cmdSet is invalid.
Line 2989: The property name HandPointer in cmdSet is invalid.
Line 2990: The property name PicNormal in cmdSet is invalid.
Line 2991: The property name PicSize in cmdSet is invalid.
Line 2992: The property name PicSizeH in cmdSet is invalid.
Line 2993: The property name PicSizeW in cmdSet is invalid.
Line 3001: The property name _ExtentX in FVistaUniLabel1 is invalid.
Line 3002: The property name _ExtentY in FVistaUniLabel1 is invalid.
Line 3003: The property name Caption in FVistaUniLabel1 is invalid.
Line 3021: The property name _ExtentX in FVistaUniButton7 is invalid.
Line 3022: The property name _ExtentY in FVistaUniButton7 is invalid.
Line 3024: The property name ButtonShape in FVistaUniButton7 is invalid.
Line 3025: The property name Caption in FVistaUniButton7 is invalid.
Line 3042: The property name _ExtentX in FVistaUniButton3 is invalid.
Line 3043: The property name _ExtentY in FVistaUniButton3 is invalid.
Line 3045: The property name ButtonShape in FVistaUniButton3 is invalid.
Line 3046: The property name Caption in FVistaUniButton3 is invalid.
Line 3063: The property name _ExtentX in FVistaUniButton1 is invalid.
Line 3064: The property name _ExtentY in FVistaUniButton1 is invalid.
Line 3066: The property name ButtonShape in FVistaUniButton1 is invalid.
Line 3067: The property name Caption in FVistaUniButton1 is invalid.
Line 3077: The property name PicAlign in FVistaUniButton1 is invalid.
Line 3078: The property name PicOpacity in FVistaUniButton1 is invalid.
Line 3086: The property name _ExtentX in FVistaUniButton4 is invalid.
Line 3087: The property name _ExtentY in FVistaUniButton4 is invalid.
Line 3089: The property name ButtonShape in FVistaUniButton4 is invalid.
Line 3090: The property name Caption in FVistaUniButton4 is invalid.
Line 3107: The property name _ExtentX in FVistaUniButton2 is invalid.
Line 3108: The property name _ExtentY in FVistaUniButton2 is invalid.
Line 3110: The property name ButtonShape in FVistaUniButton2 is invalid.
Line 3111: The property name Caption in FVistaUniButton2 is invalid.
Line 3121: The property name PicAlign in FVistaUniButton2 is invalid.
Line 3122: The property name PicOpacity in FVistaUniButton2 is invalid.
Line 3130: The property name _ExtentX in FVistaUniButton12 is invalid.
Line 3131: The property name _ExtentY in FVistaUniButton12 is invalid.
Line 3133: The property name ButtonShape in FVistaUniButton12 is invalid.
Line 3134: The property name Caption in FVistaUniButton12 is invalid.
Line 3144: The property name PicAlign in FVistaUniButton12 is invalid.
Line 3145: The property name PicOpacity in FVistaUniButton12 is invalid.
Line 3153: The property name _ExtentX in FVistaUniButton13 is invalid.
Line 3154: The property name _ExtentY in FVistaUniButton13 is invalid.
Line 3156: The property name ButtonShape in FVistaUniButton13 is invalid.
Line 3157: The property name Caption in FVistaUniButton13 is invalid.
Line 3167: The property name PicAlign in FVistaUniButton13 is invalid.
Line 3168: The property name PicOpacity in FVistaUniButton13 is invalid.
Line 3176: The property name _ExtentX in fmSearch is invalid.
Line 3177: The property name _ExtentY in fmSearch is invalid.
Line 3178: The property name Alignment in fmSearch is invalid.
Line 3190: The property name Caption in fmSearch is invalid.
Line 3191: The property name AutoUnicode in fmSearch is invalid.
Line 3198: The property name _ExtentX in lblInfoSize is invalid.
Line 3199: The property name _ExtentY in lblInfoSize is invalid.
Line 3200: The property name Caption in lblInfoSize is invalid.
Line 3227: The property name _ExtentX in FVistaUniLabel31 is invalid.
Line 3228: The property name _ExtentY in FVistaUniLabel31 is invalid.
Line 3229: The property name Caption in FVistaUniLabel31 is invalid.
Line 3246: The property name _ExtentX in FVistaUniLabel30 is invalid.
Line 3247: The property name _ExtentY in FVistaUniLabel30 is invalid.
Line 3248: The property name Caption in FVistaUniLabel30 is invalid.
Line 3265: The property name _ExtentX in FVistaUniLabel27 is invalid.
Line 3266: The property name _ExtentY in FVistaUniLabel27 is invalid.
Line 3267: The property name Caption in FVistaUniLabel27 is invalid.
Line 3285: The property name _ExtentX in cmdStopSearch is invalid.
Line 3286: The property name _ExtentY in cmdStopSearch is invalid.
Line 3288: The property name ButtonShape in cmdStopSearch is invalid.
Line 3289: The property name Caption in cmdStopSearch is invalid.
Line 3318: The property name _ExtentX in fmNangCao is invalid.
Line 3319: The property name _ExtentY in fmNangCao is invalid.
Line 3320: The property name Alignment in fmNangCao is invalid.
Line 3331: The property name Caption in fmNangCao is invalid.
Line 3332: The property name AutoUnicode in fmNangCao is invalid.
Line 3339: The property name _ExtentX in optSearchByIcon is invalid.
Line 3340: The property name _ExtentY in optSearchByIcon is invalid.
Line 3350: The property name Caption in optSearchByIcon is invalid.
Line 3351: The property name BackStyle in optSearchByIcon is invalid.
Line 3360: The property name _ExtentX in fmSearchTheoIcon is invalid.
Line 3361: The property name _ExtentY in fmSearchTheoIcon is invalid.
Line 3362: The property name Alignment in fmSearchTheoIcon is invalid.
Line 3373: The property name AutoUnicode in fmSearchTheoIcon is invalid.
Line 3392: The property name _ExtentX in chkIconChinhXac is invalid.
Line 3393: The property name _ExtentY in chkIconChinhXac is invalid.
Line 3403: The property name Caption in chkIconChinhXac is invalid.
Line 3405: The property name BackStyle in chkIconChinhXac is invalid.
Line 3414: The property name _ExtentX in chkIconGanGiong is invalid.
Line 3415: The property name _ExtentY in chkIconGanGiong is invalid.
Line 3425: The property name Caption in chkIconGanGiong is invalid.
Line 3427: The property name BackStyle in chkIconGanGiong is invalid.
Line 3436: The property name _ExtentX in chkIconTimHet is invalid.
Line 3437: The property name _ExtentY in chkIconTimHet is invalid.
Line 3447: The property name Caption in chkIconTimHet is invalid.
Line 3449: The property name BackStyle in chkIconTimHet is invalid.
Line 3458: The property name _ExtentX in lblHelpClickIcon is invalid.
Line 3459: The property name _ExtentY in lblHelpClickIcon is invalid.
Line 3460: The property name BackStyle in lblHelpClickIcon is invalid.
Line 3461: The property name Caption in lblHelpClickIcon is invalid.
Line 3480: The property name _ExtentX in FVistaUniButton15 is invalid.
Line 3481: The property name _ExtentY in FVistaUniButton15 is invalid.
Line 3483: The property name ButtonShape in FVistaUniButton15 is invalid.
Line 3484: The property name ButtonStyle in FVistaUniButton15 is invalid.
Line 3485: The property name Caption in FVistaUniButton15 is invalid.
Line 3502: The property name _ExtentX in FVistaUniFrame7 is invalid.
Line 3503: The property name _ExtentY in FVistaUniFrame7 is invalid.
Line 3504: The property name Alignment in FVistaUniFrame7 is invalid.
Line 3515: The property name AutoUnicode in FVistaUniFrame7 is invalid.
Line 3522: The property name _ExtentX in optAllDuoi is invalid.
Line 3523: The property name _ExtentY in optAllDuoi is invalid.
Line 3533: The property name Caption in optAllDuoi is invalid.
Line 3535: The property name BackStyle in optAllDuoi is invalid.
Line 3544: The property name _ExtentX in optEXEDuoi is invalid.
Line 3545: The property name _ExtentY in optEXEDuoi is invalid.
Line 3555: The property name Caption in optEXEDuoi is invalid.
Line 3557: The property name BackStyle in optEXEDuoi is invalid.
Line 3566: The property name _ExtentX in lblLoaiDuoi is invalid.
Line 3567: The property name _ExtentY in lblLoaiDuoi is invalid.
Line 3568: The property name BackStyle in lblLoaiDuoi is invalid.
Line 3569: The property name Caption in lblLoaiDuoi is invalid.
Line 3588: The property name _ExtentX in cmdApplyNangCao is invalid.
Line 3589: The property name _ExtentY in cmdApplyNangCao is invalid.
Line 3591: The property name ButtonShape in cmdApplyNangCao is invalid.
Line 3592: The property name ButtonStyle in cmdApplyNangCao is invalid.
Line 3593: The property name Caption in cmdApplyNangCao is invalid.
Line 3610: The property name _ExtentX in optSearchNormal is invalid.
Line 3611: The property name _ExtentY in optSearchNormal is invalid.
Line 3621: The property name Value in optSearchNormal is invalid.
Line 3622: The property name Caption in optSearchNormal is invalid.
Line 3623: The property name BackStyle in optSearchNormal is invalid.
Line 3632: The property name _ExtentX in optCungTenFolder is invalid.
Line 3633: The property name _ExtentY in optCungTenFolder is invalid.
Line 3643: The property name Caption in optCungTenFolder is invalid.
Line 3644: The property name BackStyle in optCungTenFolder is invalid.
Line 3653: The property name _ExtentX in FVistaUniButton16 is invalid.
Line 3654: The property name _ExtentY in FVistaUniButton16 is invalid.
Line 3656: The property name ButtonShape in FVistaUniButton16 is invalid.
Line 3657: The property name ButtonStyle in FVistaUniButton16 is invalid.
Line 3658: The property name Caption in FVistaUniButton16 is invalid.
Line 3682: The property name _ExtentX in lblStatus is invalid.
Line 3683: The property name _ExtentY in lblStatus is invalid.
Line 3685: The property name Caption in lblStatus is invalid.
Line 3702: The property name _ExtentX in ListFind1 is invalid.
Line 3703: The property name _ExtentY in ListFind1 is invalid.
Line 3714: Property BorderStyle in ListFind1 had an invalid value.
Line 3715: The property name IconFocus in ListFind1 is invalid.
Line 3716: The property name RowHeight in ListFind1 is invalid.
Line 3696: Property Picture in ListFind1 could not be set.
Line 3724: The property name _ExtentX in FVistaUniLabel3 is invalid.
Line 3725: The property name _ExtentY in FVistaUniLabel3 is invalid.
Line 3726: The property name Alignment in FVistaUniLabel3 is invalid.
Line 3727: The property name BackStyle in FVistaUniLabel3 is invalid.
Line 3728: The property name Caption in FVistaUniLabel3 is invalid.
Line 3745: The property name _ExtentX in lblKeyWord is invalid.
Line 3746: The property name _ExtentY in lblKeyWord is invalid.
Line 3747: The property name Caption in lblKeyWord is invalid.
Line 3765: The property name _ExtentX in cmdSearch is invalid.
Line 3766: The property name _ExtentY in cmdSearch is invalid.
Line 3768: The property name ButtonShape in cmdSearch is invalid.
Line 3769: The property name ButtonStyle in cmdSearch is invalid.
Line 3770: The property name Caption in cmdSearch is invalid.
Line 3787: The property name _ExtentX in txtPath2Find is invalid.
Line 3788: The property name _ExtentY in txtPath2Find is invalid.
Line 3799: The property name Text in txtPath2Find is invalid.
Line 3800: The property name Locked in txtPath2Find is invalid.
Line 3802: The property name BorderLine in txtPath2Find is invalid.
Line 3781: Property BorderStyle in txtPath2Find could not be set.
Line 3810: The property name _ExtentX in txtKeyWord is invalid.
Line 3811: The property name _ExtentY in txtKeyWord is invalid.
Line 3822: The property name Text in txtKeyWord is invalid.
Line 3824: The property name BorderLine in txtKeyWord is invalid.
Line 3804: Property BorderStyle in txtKeyWord could not be set.
Line 3832: The property name _ExtentX in cmdSearchCaoCap is invalid.
Line 3833: The property name _ExtentY in cmdSearchCaoCap is invalid.
Line 3835: The property name ButtonShape in cmdSearchCaoCap is invalid.
Line 3836: The property name ButtonStyle in cmdSearchCaoCap is invalid.
Line 3837: The property name Caption in cmdSearchCaoCap is invalid.
Line 3838: The property name CheckBox in cmdSearchCaoCap is invalid.
Line 3855: The property name _ExtentX in cmdDeleteFile is invalid.
Line 3856: The property name _ExtentY in cmdDeleteFile is invalid.
Line 3858: The property name ButtonShape in cmdDeleteFile is invalid.
Line 3859: The property name ButtonStyle in cmdDeleteFile is invalid.
Line 3860: The property name Caption in cmdDeleteFile is invalid.
Line 3877: The property name _ExtentX in cmdOpenFolderCha is invalid.
Line 3878: The property name _ExtentY in cmdOpenFolderCha is invalid.
Line 3880: The property name ButtonShape in cmdOpenFolderCha is invalid.
Line 3881: The property name ButtonStyle in cmdOpenFolderCha is invalid.
Line 3882: The property name Caption in cmdOpenFolderCha is invalid.
Line 3899: The property name _ExtentX in cmdDeleteAll is invalid.
Line 3900: The property name _ExtentY in cmdDeleteAll is invalid.
Line 3902: The property name ButtonShape in cmdDeleteAll is invalid.
Line 3903: The property name ButtonStyle in cmdDeleteAll is invalid.
Line 3904: The property name Caption in cmdDeleteAll is invalid.
Line 3922: The property name _ExtentX in lblPath is invalid.
Line 3923: The property name _ExtentY in lblPath is invalid.
Line 3924: The property name AutoUnicode in lblPath is invalid.
Line 3926: The property name Caption in lblPath is invalid.
Line 3943: The property name _ExtentX in chkShowSystem is invalid.
Line 3944: The property name _ExtentY in chkShowSystem is invalid.
Line 3954: The property name Value in chkShowSystem is invalid.
Line 3955: The property name Caption in chkShowSystem is invalid.
Line 3964: The property name _ExtentX in chkShowHidden is invalid.
Line 3965: The property name _ExtentY in chkShowHidden is invalid.
Line 3975: The property name Value in chkShowHidden is invalid.
Line 3976: The property name Caption in chkShowHidden is invalid.
Line 3985: The property name _ExtentX in FileDir is invalid.
Line 3986: The property name _ExtentY in FileDir is invalid.
Line 3997: Property BorderStyle in FileDir had an invalid value.
Line 3998: The property name IconFocus in FileDir is invalid.
Line 3999: The property name RowHeight in FileDir is invalid.
Line 4000: The property name BackGradient in FileDir is invalid.
Line 4001: The property name BackGradientCol in FileDir is invalid.
Line 4002: The property name ShowIcon in FileDir is invalid.
Line 4003: The property name AutoHideScrollBars in FileDir is invalid.
Line 4004: The property name Mode in FileDir is invalid.
Line 4005: The property name Path in FileDir is invalid.
Line 4006: The property name ShowSystemFiles in FileDir is invalid.
Line 4007: The property name ShowHiddenFiles in FileDir is invalid.
Line 3979: Property Picture in FileDir could not be set.
Line 4015: The property name _ExtentX in FolderDir is invalid.
Line 4016: The property name _ExtentY in FolderDir is invalid.
Line 4027: Property BorderStyle in FolderDir had an invalid value.
Line 4028: The property name IconFocus in FolderDir is invalid.
Line 4029: The property name RowHeight in FolderDir is invalid.
Line 4030: The property name BackGradient in FolderDir is invalid.
Line 4031: The property name BackGradientCol in FolderDir is invalid.
Line 4032: The property name ShowIcon in FolderDir is invalid.
Line 4033: The property name AutoHideScrollBars in FolderDir is invalid.
Line 4034: The property name Mode in FolderDir is invalid.
Line 4035: The property name Path in FolderDir is invalid.
Line 4036: The property name ShowSystemFiles in FolderDir is invalid.
Line 4037: The property name ShowHiddenFiles in FolderDir is invalid.
Line 4009: Property Picture in FolderDir could not be set.
Line 4045: The property name _ExtentX in FVistaUniButton11 is invalid.
Line 4046: The property name _ExtentY in FVistaUniButton11 is invalid.
Line 4048: The property name ButtonShape in FVistaUniButton11 is invalid.
Line 4049: The property name Caption in FVistaUniButton11 is invalid.
Line 4059: The property name PicAlign in FVistaUniButton11 is invalid.
Line 4060: The property name PicOpacity in FVistaUniButton11 is invalid.
Line 4075: The property name _ExtentX in lbllhelp is invalid.
Line 4076: The property name _ExtentY in lbllhelp is invalid.
Line 4077: The property name Caption in lbllhelp is invalid.
Line 4095: The property name _ExtentX in lblTacGia is invalid.
Line 4096: The property name _ExtentY in lblTacGia is invalid.
Line 4097: The property name Alignment in lblTacGia is invalid.
Line 4098: The property name Caption in lblTacGia is invalid.
Line 4116: The property name _ExtentX in lblSetting is invalid.
Line 4117: The property name _ExtentY in lblSetting is invalid.
Line 4118: The property name Caption in lblSetting is invalid.
